3.12447;1477;1.13926;7.29777
3.17134;1518;1.15415;7.32515
3.21822;1422;1.16883;7.25982
3.26509;1391;1.18329;7.23778
3.31197;1296;1.19754;7.16704
3.35884;1222;1.2116;7.10824
3.40572;1379;1.22546;7.22911
3.45259;1338;1.23913;7.19893
3.49947;1306;1.25261;7.17472
3.54635;1241;1.26592;7.12367
3.59322;1185;1.27905;7.0775
3.6401;1199;1.29201;7.08924
3.68697;1145;1.30481;7.04316
3.73385;1172;1.31744;7.06647
3.78072;1133;1.32992;7.03262
3.8276;1055;1.34224;6.9613
3.87447;1019;1.35441;6.92658
3.92135;1007;1.36644;6.91473
3.96823;964;1.37832;6.87109
4.0151;925;1.39006;6.82979
4.06198;899;1.40167;6.80128
4.10885;1025;1.41314;6.93245
4.15573;960;1.42449;6.86693
4.2026;923;1.4357;6.82763
4.24948;918;1.4468;6.8222
4.29635;879;1.45777;6.77878
4.34323;855;1.46862;6.7511
4.3901;838;1.47935;6.73102
4.43698;824;1.48997;6.71417
4.48386;793;1.50048;6.67582
4.53073;768;1.51088;6.64379
4.57761;798;1.52118;6.68211
4.62448;757;1.53136;6.62936
4.67136;747;1.54145;6.61607
4.71823;746;1.55143;6.61473
4.76511;729;1.56132;6.59167
4.81198;706;1.57111;6.55962
4.85886;695;1.5808;6.54391
4.90574;673;1.5904;6.51175
4.95261;645;1.59991;6.46925
4.99949;637;1.60934;6.45677
5.04636;634;1.61867;6.45205
5.09324;643;1.62791;6.46614
5.14011;638;1.63707;6.45834
5.18699;619;1.64615;6.42811
5.23386;620;1.65515;6.42972
5.28074;612;1.66407;6.41673
5.32761;604;1.6729;6.40357
5.37449;588;1.68166;6.37673
5.42137;566;1.69035;6.33859
5.46824;546;1.69896;6.30262
5.51512;545;1.70749;6.30079
5.56199;539;1.71596;6.28972
5.60887;522;1.72435;6.25767
5.65574;516;1.73267;6.24611
5.70262;497;1.74093;6.20859
5.74949;475;1.74911;6.16331
5.79637;472;1.75723;6.15698
5.84324;486;1.76529;6.18621
5.89012;479;1.77328;6.1717
5.937;476;1.7812;6.16542
5.98387;456;1.78907;6.12249
6.03075;459;1.79687;6.12905
6.07762;453;1.80461;6.11589
6.1245;454;1.8123;6.1181
6.17137;454;1.81992;6.1181
6.21825;450;1.82749;6.10925
6.26512;438;1.835;6.08222
6.312;437;1.84245;6.07993
6.35887;420;1.84985;6.04025
6.40575;399;1.8572;5.98896
6.45263;378;1.86449;5.93489
6.4995;372;1.87173;5.91889
6.54638;367;1.87891;5.90536
6.59325;357;1.88605;5.87774
6.64013;350;1.89313;5.85793
6.687;340;1.90017;5.82895
6.73388;332;1.90715;5.80513
6.78075;329;1.91409;5.79606
6.82763;366;1.92098;5.90263
6.87451;367;1.92782;5.90536
6.92138;364;1.93462;5.89715
6.96826;357;1.94137;5.87774
7.01513;349;1.94807;5.85507
7.06201;338;1.95473;5.82305
7.10888;326;1.96135;5.7869
7.15576;321;1.96792;5.77144
7.20263;324;1.97445;5.78074
7.24951;330;1.98093;5.79909
7.29638;328;1.98738;5.79301
7.34326;323;1.99378;5.77765
7.39014;316;2.00015;5.75574
7.43701;320;2.00647;5.76832
7.48389;311;2.01275;5.73979
7.53076;310;2.019;5.73657
7.57764;305;2.0252;5.72031
7.62451;299;2.03137;5.70044
7.67139;264;2.0375;5.57595
7.71826;263;2.04359;5.57215
7.76514;265;2.04964;5.57973
7.81201;265;2.05566;5.57973
7.85889;262;2.06165;5.56834
7.90577;260;2.06759;5.56068
7.95264;257;2.0735;5.54908
7.99952;254;2.07938;5.53733
8.04639;249;2.08522;5.51745
8.09327;250;2.09103;5.52146
8.14014;245;2.09681;5.50126
8.18702;263;2.10255;5.57215
8.2339;262;2.10826;5.56834
8.28077;256;2.11394;5.54518
8.32765;251;2.11958;5.52545
8.37452;248;2.12519;5.51343
8.4214;246;2.13078;5.50533
8.46828;246;2.13633;5.50533
8.51515;237;2.14185;5.46806
8.56203;234;2.14734;5.45532
8.6089;231;2.1528;5.44242
8.65578;230;2.15823;5.43808
8.70266;228;2.16363;5.42935
8.74953;230;2.169;5.43808
8.79641;225;2.17434;5.4161
8.84328;224;2.17966;5.41165
8.89016;221;2.18495;5.39816
8.93704;209;2.1902;5.34233
8.98391;209;2.19544;5.34233
9.03079;203;2.20064;5.31321
9.07766;203;2.20582;5.31321
9.12454;201;2.21097;5.3033
9.17142;198;2.21609;5.28827
9.21829;193;2.22119;5.26269
9.26517;192;2.22626;5.2575
9.31204;193;2.23131;5.26269
9.35892;187;2.23633;5.23111
9.4058;191;2.24133;5.25227
9.45267;191;2.2463;5.25227
9.49955;186;2.25124;5.22575
9.54642;185;2.25617;5.22036
9.5933;182;2.26106;5.20401
9.64017;173;2.26594;5.15329
9.68705;173;2.27079;5.15329
9.73393;171;2.27562;5.14166
9.7808;168;2.28042;5.12396
9.82768;168;2.2852;5.12396
9.87455;168;2.28996;5.12396
9.92143;163;2.2947;5.09375
9.96831;162;2.29941;5.0876
10.0152;161;2.3041;5.0814
10.0621;160;2.30877;5.07517
10.1089;163;2.31342;5.09375
10.1558;162;2.31805;5.0876
10.2027;162;2.32265;5.0876
10.2496;164;2.32723;5.09987
10.2964;167;2.3318;5.11799
10.3433;163;2.33634;5.09375
10.3902;160;2.34086;5.07517
10.4371;162;2.34536;5.0876
10.4839;162;2.34984;5.0876
10.5308;159;2.35431;5.0689
10.5777;158;2.35875;5.06259
10.6246;157;2.36317;5.05625
10.6714;152;2.36757;5.02388
10.7183;150;2.37195;5.01064
10.7652;149;2.37632;5.00395
10.8121;149;2.38066;5.00395
10.8589;144;2.38499;4.96981
10.9058;144;2.3893;4.96981
10.9527;137;2.39359;4.91998
10.9996;137;2.39786;4.91998
11.0465;137;2.40211;4.91998
11.0933;136;2.40634;4.91265
11.1402;135;2.41056;4.90527
11.1871;134;2.41476;4.89784
11.234;133;2.41894;4.89035
11.2808;131;2.42311;4.8752
11.3277;131;2.42725;4.8752
11.3746;131;2.43138;4.8752
11.4215;129;2.43549;4.85981
11.4683;128;2.43959;4.85203
11.5152;125;2.44367;4.82831
11.5621;122;2.44773;4.80402
11.609;121;2.45178;4.79579
11.6558;121;2.45581;4.79579
11.7027;120;2.45982;4.78749
11.7496;119;2.46382;4.77912
11.7965;119;2.4678;4.77912
11.8433;119;2.47177;4.77912
11.8902;118;2.47572;4.77068
11.9371;115;2.47965;4.74493
11.984;119;2.48357;4.77912
12.0308;118;2.48747;4.77068
12.0777;117;2.49136;4.76217
12.1246;118;2.49524;4.77068
12.1715;118;2.4991;4.77068
12.2184;116;2.50294;4.75359
12.2652;115;2.50677;4.74493
12.3121;115;2.51058;4.74493
12.359;115;2.51438;4.74493
12.4059;114;2.51817;4.7362
12.4527;113;2.52194;4.72739
12.4996;112;2.5257;4.7185
12.5465;111;2.52944;4.70953
12.5934;111;2.53317;4.70953
12.6402;106;2.53689;4.66344
12.6871;106;2.54059;4.66344
12.734;106;2.54427;4.66344
12.7809;101;2.54795;4.61512
12.8277;99;2.55161;4.59512
12.8746;99;2.55526;4.59512
12.9215;98;2.55889;4.58497
12.9684;97;2.56251;4.57471
13.0152;96;2.56612;4.56435
13.0621;96;2.56972;4.56435
13.109;95;2.5733;4.55388
13.1559;95;2.57687;4.55388
13.2027;94;2.58043;4.54329
13.2496;93;2.58397;4.5326
13.2965;90;2.5875;4.49981
13.3434;92;2.59102;4.52179
13.3903;91;2.59453;4.51086
13.4371;88;2.59802;4.47734
13.484;89;2.6015;4.48864
13.5309;89;2.60497;4.48864
13.5778;86;2.60843;4.45435
13.6246;90;2.61188;4.49981
13.6715;90;2.61531;4.49981
13.7184;89;2.61874;4.48864
13.7653;89;2.62215;4.48864
13.8121;86;2.62555;4.45435
13.859;85;2.62894;4.44265
13.9059;85;2.63231;4.44265
13.9528;85;2.63568;4.44265
13.9996;82;2.63903;4.40672
14.0465;82;2.64237;4.40672
14.0934;85;2.64571;4.44265
14.1403;83;2.64903;4.41884
14.1871;83;2.65234;4.41884
14.234;83;2.65563;4.41884
14.2809;83;2.65892;4.41884
14.3278;82;2.6622;4.40672
14.3746;82;2.66547;4.40672
14.4215;82;2.66872;4.40672
14.4684;78;2.67197;4.35671
14.5153;78;2.6752;4.35671
14.5622;78;2.67843;4.35671
14.609;78;2.68164;4.35671
14.6559;78;2.68484;4.35671
14.7028;77;2.68804;4.34381
14.7497;77;2.69122;4.34381
14.7965;77;2.69439;4.34381
14.8434;77;2.69756;4.34381
14.8903;78;2.70071;4.35671
14.9372;78;2.70385;4.35671
14.984;78;2.70699;4.35671
15.0309;78;2.71011;4.35671
15.0778;78;2.71322;4.35671
15.1247;76;2.71633;4.33073
15.1715;75;2.71942;4.31749
15.2184;75;2.72251;4.31749
15.2653;75;2.72558;4.31749
15.3122;74;2.72865;4.30407
15.359;69;2.7317;4.23411
15.4059;69;2.73475;4.23411
15.4528;69;2.73779;4.23411
15.4997;69;2.74082;4.23411
15.5465;69;2.74384;4.23411
15.5934;69;2.74685;4.23411
15.6403;67;2.74985;4.20469
15.6872;67;2.75284;4.20469
15.734;67;2.75583;4.20469
15.7809;67;2.7588;4.20469
15.8278;66;2.76177;4.18965
15.8747;66;2.76473;4.18965
15.9216;66;2.76767;4.18965
15.9684;65;2.77061;4.17439
16.0153;65;2.77354;4.17439
16.0622;63;2.77647;4.14313
16.1091;63;2.77938;4.14313
16.1559;64;2.78229;4.15888
16.2028;63;2.78518;4.14313
16.2497;62;2.78807;4.12713
16.2966;61;2.79095;4.11087
16.3434;60;2.79383;4.09434
16.3903;60;2.79669;4.09434
16.4372;60;2.79955;4.09434
16.4841;60;2.80239;4.09434
16.5309;60;2.80523;4.09434
16.5778;62;2.80806;4.12713
16.6247;62;2.81089;4.12713
16.6716;61;2.8137;4.11087
16.7184;61;2.81651;4.11087
16.7653;61;2.81931;4.11087
16.8122;60;2.8221;4.09434
16.8591;59;2.82489;4.07754
16.9059;59;2.82766;4.07754
16.9528;59;2.83043;4.07754
16.9997;59;2.83319;4.07754
17.0466;58;2.83595;4.06044
17.0934;58;2.83869;4.06044
17.1403;58;2.84143;4.06044
17.1872;58;2.84416;4.06044
17.2341;56;2.84689;4.02535
17.2809;56;2.8496;4.02535
17.3278;55;2.85231;4.00733
17.3747;55;2.85501;4.00733
17.4216;55;2.85771;4.00733
17.4684;55;2.8604;4.00733
17.5153;55;2.86308;4.00733
17.5622;55;2.86575;4.00733
17.6091;55;2.86841;4.00733
17.6559;55;2.87107;4.00733
17.7028;55;2.87372;4.00733
17.7497;54;2.87637;3.98898
17.7966;54;2.879;3.98898
17.8434;52;2.88164;3.95124
17.8903;50;2.88426;3.91202
17.9372;50;2.88688;3.91202
17.9841;49;2.88949;3.89182
18.0309;49;2.89209;3.89182
18.0778;48;2.89469;3.8712
18.1247;48;2.89727;3.8712
18.1716;48;2.89986;3.8712
18.2184;48;2.90243;3.8712
18.2653;47;2.905;3.85015
18.3122;47;2.90757;3.85015
18.3591;47;2.91012;3.85015
18.4059;47;2.91267;3.85015
18.4528;47;2.91522;3.85015
18.4997;47;2.91775;3.85015
18.5466;47;2.92028;3.85015
18.5934;47;2.92281;3.85015
18.6403;47;2.92533;3.85015
18.6872;47;2.92784;3.85015
18.7341;47;2.93034;3.85015
18.7809;46;2.93284;3.82864
18.8278;46;2.93533;3.82864
18.8747;46;2.93782;3.82864
18.9216;46;2.9403;3.82864
18.9684;45;2.94278;3.80666
19.0153;45;2.94524;3.80666
19.0622;45;2.94771;3.80666
19.1091;45;2.95016;3.80666
19.1559;43;2.95261;3.7612
19.2028;43;2.95506;3.7612
19.2497;42;2.95749;3.73767
19.2966;41;2.95993;3.71357
19.3434;41;2.96235;3.71357
19.3903;41;2.96477;3.71357
19.4372;41;2.96719;3.71357
19.4841;41;2.9696;3.71357
19.5309;41;2.972;3.71357
19.5778;41;2.9744;3.71357
19.6247;41;2.97679;3.71357
19.6716;41;2.97917;3.71357
19.7184;41;2.98155;3.71357
19.7653;41;2.98393;3.71357
19.8122;40;2.9863;3.68888
19.8591;40;2.98866;3.68888
19.9059;40;2.99102;3.68888
19.9528;39;2.99337;3.66356
19.9997;39;2.99572;3.66356
20.0466;38;2.99806;3.63759
20.0934;38;3.00039;3.63759
20.1403;38;3.00272;3.63759
20.1872;38;3.00505;3.63759
20.2341;38;3.00737;3.63759
20.2809;38;3.00968;3.63759
20.3278;40;3.01199;3.68888
20.3747;40;3.01429;3.68888
20.4216;37;3.01659;3.61092
20.4684;37;3.01888;3.61092
20.5153;37;3.02117;3.61092
20.5622;37;3.02345;3.61092
20.6091;37;3.02573;3.61092
20.6559;37;3.028;3.61092
20.7028;37;3.03027;3.61092
20.7497;36;3.03253;3.58352
20.7966;36;3.03479;3.58352
20.8434;36;3.03704;3.58352
20.8903;36;3.03929;3.58352
20.9372;36;3.04153;3.58352
20.9841;36;3.04376;3.58352
21.0309;36;3.04599;3.58352
21.0778;36;3.04822;3.58352
21.1247;37;3.05044;3.61092
21.1716;37;3.05266;3.61092
21.2184;36;3.05487;3.58352
21.2653;36;3.05708;3.58352
21.3122;36;3.05928;3.58352
21.3591;36;3.06148;3.58352
21.4059;36;3.06367;3.58352
21.4528;36;3.06586;3.58352
21.4997;35;3.06804;3.55535
21.5466;35;3.07022;3.55535
21.5934;35;3.07239;3.55535
21.6403;35;3.07456;3.55535
21.6872;33;3.07672;3.49651
21.7341;33;3.07888;3.49651
21.7809;33;3.08103;3.49651
21.8278;33;3.08318;3.49651
21.8747;33;3.08533;3.49651
21.9216;32;3.08747;3.46574
21.9684;32;3.08961;3.46574
22.0153;32;3.09174;3.46574
22.0622;32;3.09386;3.46574
22.1091;32;3.09599;3.46574
22.1559;32;3.09811;3.46574
22.2028;32;3.10022;3.46574
22.2497;32;3.10233;3.46574
22.2966;32;3.10443;3.46574
22.3434;32;3.10653;3.46574
22.3903;32;3.10863;3.46574
22.4372;32;3.11072;3.46574
22.4841;32;3.11281;3.46574
22.5309;32;3.11489;3.46574
22.5778;32;3.11697;3.46574
22.6247;32;3.11904;3.46574
22.6716;32;3.12111;3.46574
22.7184;32;3.12318;3.46574
22.7653;32;3.12524;3.46574
22.8122;32;3.12729;3.46574
22.8591;32;3.12935;3.46574
22.9059;32;3.1314;3.46574
22.9528;32;3.13344;3.46574
22.9997;31;3.13548;3.43399
23.0466;31;3.13752;3.43399
23.0934;31;3.13955;3.43399
23.1403;31;3.14158;3.43399
23.1872;31;3.1436;3.43399
23.2341;31;3.14562;3.43399
23.2809;31;3.14763;3.43399
23.3278;31;3.14965;3.43399
23.3747;31;3.15165;3.43399
23.4216;31;3.15366;3.43399
23.4684;30;3.15566;3.4012
23.5153;30;3.15765;3.4012
23.5622;30;3.15964;3.4012
23.6091;30;3.16163;3.4012
23.6559;30;3.16361;3.4012
23.7028;30;3.16559;3.4012
23.7497;30;3.16757;3.4012
23.7966;30;3.16954;3.4012
23.8434;30;3.17151;3.4012
23.8903;30;3.17347;3.4012
23.9372;30;3.17543;3.4012
23.9841;29;3.17739;3.3673
24.0309;29;3.17934;3.3673
24.0778;29;3.18129;3.3673
24.1247;29;3.18324;3.3673
24.1716;29;3.18518;3.3673
24.2184;29;3.18711;3.3673
24.2653;29;3.18905;3.3673
24.3122;29;3.19098;3.3673
24.3591;29;3.1929;3.3673
24.4059;29;3.19483;3.3673
24.4528;29;3.19674;3.3673
24.4997;29;3.19866;3.3673
24.5466;29;3.20057;3.3673
24.5934;29;3.20248;3.3673
24.6403;29;3.20438;3.3673
24.6872;29;3.20628;3.3673
24.7341;29;3.20818;3.3673
24.7809;29;3.21007;3.3673
24.8278;29;3.21196;3.3673
24.8747;29;3.21385;3.3673
24.9216;29;3.21573;3.3673
24.9684;29;3.21761;3.3673
25.0153;28;3.21949;3.3322
25.0622;28;3.22136;3.3322
25.1091;28;3.22323;3.3322
25.1559;28;3.22509;3.3322
25.2028;28;3.22696;3.3322
25.2497;28;3.22881;3.3322
25.2966;26;3.23067;3.2581
25.3434;26;3.23252;3.2581
25.3903;26;3.23437;3.2581
25.4372;26;3.23621;3.2581
25.4841;26;3.23805;3.2581
25.5309;26;3.23989;3.2581
25.5778;26;3.24172;3.2581
25.6247;26;3.24356;3.2581
25.6716;26;3.24538;3.2581
25.7184;26;3.24721;3.2581
25.7653;26;3.24903;3.2581
25.8122;25;3.25085;3.21888
25.8591;25;3.25266;3.21888
25.9059;25;3.25447;3.21888
25.9528;25;3.25628;3.21888
25.9997;25;3.25808;3.21888
26.0466;25;3.25989;3.21888
26.0934;25;3.26168;3.21888
26.1403;25;3.26348;3.21888
26.1872;25;3.26527;3.21888
26.2341;25;3.26706;3.21888
26.2809;25;3.26884;3.21888
26.3278;25;3.27063;3.21888
26.3747;25;3.2724;3.21888
26.4216;25;3.27418;3.21888
26.4684;25;3.27595;3.21888
26.5153;25;3.27772;3.21888
26.5622;25;3.27949;3.21888
26.6091;24;3.28125;3.17805
26.6559;24;3.28301;3.17805
26.7028;24;3.28477;3.17805
26.7497;24;3.28652;3.17805
26.7966;24;3.28827;3.17805
26.8434;24;3.29002;3.17805
26.8903;24;3.29177;3.17805
26.9372;24;3.29351;3.17805
26.9841;24;3.29525;3.17805
27.0309;24;3.29698;3.17805
27.0778;24;3.29871;3.17805
27.1247;24;3.30044;3.17805
27.1716;24;3.30217;3.17805
27.2184;23;3.30389;3.13549
27.2653;23;3.30561;3.13549
27.3122;23;3.30733;3.13549
27.3591;23;3.30905;3.13549
27.4059;23;3.31076;3.13549
27.4528;23;3.31247;3.13549
27.4997;23;3.31417;3.13549
27.5466;23;3.31588;3.13549
27.5934;23;3.31758;3.13549
27.6403;21;3.31927;3.04452
27.6872;21;3.32097;3.04452
27.7341;21;3.32266;3.04452
27.7809;21;3.32435;3.04452
27.8278;21;3.32604;3.04452
27.8747;21;3.32772;3.04452
27.9216;21;3.3294;3.04452
27.9684;20;3.33108;2.99573
28.0153;20;3.33275;2.99573
28.0622;20;3.33442;2.99573
28.1091;20;3.33609;2.99573
28.1559;20;3.33776;2.99573
28.2028;20;3.33942;2.99573
28.2497;20;3.34108;2.99573
28.2966;20;3.34274;2.99573
28.3434;20;3.3444;2.99573
28.3903;20;3.34605;2.99573
28.4372;20;3.3477;2.99573
28.4841;20;3.34934;2.99573
28.5309;20;3.35099;2.99573
28.5778;20;3.35263;2.99573
28.6247;20;3.35427;2.99573
28.6716;20;3.35591;2.99573
28.7184;20;3.35754;2.99573
28.7653;20;3.35917;2.99573
28.8122;20;3.3608;2.99573
28.8591;20;3.36242;2.99573
28.9059;19;3.36405;2.94444
28.9528;18;3.36567;2.89037
28.9997;18;3.36728;2.89037
29.0466;18;3.3689;2.89037
29.0934;18;3.37051;2.89037
29.1403;18;3.37212;2.89037
29.1872;18;3.37373;2.89037
29.2341;18;3.37533;2.89037
29.2809;18;3.37694;2.89037
29.3278;18;3.37854;2.89037
29.3747;18;3.38013;2.89037
29.4216;18;3.38173;2.89037
29.4684;18;3.38332;2.89037
29.5153;18;3.38491;2.89037
29.5622;18;3.3865;2.89037
29.6091;18;3.38808;2.89037
29.6559;18;3.38966;2.89037
29.7028;18;3.39124;2.89037
29.7497;18;3.39282;2.89037
29.7966;18;3.39439;2.89037
29.8434;18;3.39596;2.89037
29.8903;18;3.39753;2.89037
29.9372;18;3.3991;2.89037
29.9841;18;3.40067;2.89037
30.0309;18;3.40223;2.89037
30.0778;18;3.40379;2.89037
30.1247;18;3.40534;2.89037
30.1716;18;3.4069;2.89037
30.2184;18;3.40845;2.89037
30.2653;18;3.41;2.89037
30.3122;18;3.41155;2.89037
30.3591;18;3.41309;2.89037
30.4059;18;3.41464;2.89037
30.4528;18;3.41618;2.89037
30.4997;18;3.41772;2.89037
30.5466;18;3.41925;2.89037
30.5934;18;3.42079;2.89037
30.6403;17;3.42232;2.83321
30.6872;17;3.42385;2.83321
30.7341;17;3.42537;2.83321
30.7809;17;3.4269;2.83321
30.8278;17;3.42842;2.83321
30.8747;17;3.42994;2.83321
30.9216;17;3.43145;2.83321
30.9684;17;3.43297;2.83321
31.0153;17;3.43448;2.83321
31.0622;17;3.43599;2.83321
31.1091;17;3.4375;2.83321
31.1559;17;3.439;2.83321
31.2028;17;3.44051;2.83321
31.2497;17;3.44201;2.83321
31.2966;16;3.44351;2.77259
31.3434;16;3.445;2.77259
31.3903;16;3.4465;2.77259
31.4372;16;3.44799;2.77259
31.4841;16;3.44948;2.77259
31.5309;16;3.45097;2.77259
31.5778;15;3.45245;2.70805
31.6247;15;3.45394;2.70805
31.6716;15;3.45542;2.70805
31.7184;15;3.4569;2.70805
31.7653;15;3.45837;2.70805
31.8122;15;3.45985;2.70805
31.8591;15;3.46132;2.70805
31.9059;15;3.46279;2.70805
31.9528;15;3.46426;2.70805
31.9997;15;3.46573;2.70805
32.0466;14;3.46719;2.63906
32.0934;14;3.46865;2.63906
32.1403;14;3.47011;2.63906
32.1872;14;3.47157;2.63906
32.2341;14;3.47302;2.63906
32.2809;14;3.47448;2.63906
32.3278;14;3.47593;2.63906
32.3747;14;3.47738;2.63906
32.4216;14;3.47882;2.63906
32.4684;14;3.48027;2.63906
32.5153;14;3.48171;2.63906
32.5622;14;3.48315;2.63906
32.6091;14;3.48459;2.63906
32.6559;14;3.48603;2.63906
32.7028;14;3.48746;2.63906
32.7497;14;3.48889;2.63906
32.7966;14;3.49032;2.63906
32.8434;14;3.49175;2.63906
32.8903;14;3.49318;2.63906
32.9372;14;3.4946;2.63906
32.9841;14;3.49602;2.63906
33.0309;14;3.49744;2.63906
33.0778;14;3.49886;2.63906
33.1247;14;3.50028;2.63906
33.1716;14;3.50169;2.63906
33.2184;14;3.5031;2.63906
33.2653;14;3.50451;2.63906
33.3122;14;3.50592;2.63906
33.3591;13;3.50733;2.56495
33.4059;13;3.50873;2.56495
33.4528;13;3.51014;2.56495
33.4997;13;3.51154;2.56495
33.5466;13;3.51293;2.56495
33.5934;13;3.51433;2.56495
33.6403;13;3.51572;2.56495
33.6872;13;3.51712;2.56495
33.7341;13;3.51851;2.56495
33.7809;13;3.5199;2.56495
33.8278;13;3.52128;2.56495
33.8747;13;3.52267;2.56495
33.9216;13;3.52405;2.56495
33.9684;13;3.52543;2.56495
34.0153;13;3.52681;2.56495
34.0622;13;3.52819;2.56495
34.1091;13;3.52956;2.56495
34.1559;13;3.53094;2.56495
34.2028;13;3.53231;2.56495
34.2497;13;3.53368;2.56495
34.2966;13;3.53504;2.56495
34.3434;13;3.53641;2.56495
34.3903;13;3.53777;2.56495
34.4372;13;3.53914;2.56495
34.4841;13;3.5405;2.56495
34.5309;13;3.54186;2.56495
34.5778;13;3.54321;2.56495
34.6247;13;3.54457;2.56495
34.6716;13;3.54592;2.56495
34.7184;13;3.54727;2.56495
34.7653;13;3.54862;2.56495
34.8122;13;3.54997;2.56495
34.8591;13;3.55131;2.56495
34.9059;13;3.55266;2.56495
34.9528;13;3.554;2.56495
34.9997;13;3.55534;2.56495
35.0466;13;3.55668;2.56495
35.0934;13;3.55801;2.56495
35.1403;13;3.55935;2.56495
35.1872;13;3.56068;2.56495
35.2341;13;3.56201;2.56495
35.2809;13;3.56334;2.56495
35.3278;13;3.56467;2.56495
35.3747;13;3.566;2.56495
35.4216;13;3.56732;2.56495
35.4684;13;3.56864;2.56495
35.5153;13;3.56996;2.56495
35.5622;13;3.57128;2.56495
35.6091;13;3.5726;2.56495
35.6559;13;3.57392;2.56495
35.7028;13;3.57523;2.56495
35.7497;12;3.57654;2.48491
35.7966;12;3.57785;2.48491
35.8434;12;3.57916;2.48491
35.8903;12;3.58047;2.48491
35.9372;12;3.58177;2.48491
35.9841;12;3.58308;2.48491
36.0309;12;3.58438;2.48491
36.0778;12;3.58568;2.48491
36.1247;12;3.58698;2.48491
36.1716;12;3.58827;2.48491
36.2184;12;3.58957;2.48491
36.2653;12;3.59086;2.48491
36.3122;12;3.59215;2.48491
36.3591;12;3.59344;2.48491
36.4059;12;3.59473;2.48491
36.4528;12;3.59602;2.48491
36.4997;12;3.5973;2.48491
36.5466;12;3.59859;2.48491
36.5934;12;3.59987;2.48491
36.6403;12;3.60115;2.48491
36.6872;12;3.60243;2.48491
36.7341;12;3.6037;2.48491
36.7809;12;3.60498;2.48491
36.8278;12;3.60625;2.48491
36.8747;12;3.60753;2.48491
36.9216;12;3.6088;2.48491
36.9684;12;3.61006;2.48491
37.0153;12;3.61133;2.48491
37.0622;12;3.6126;2.48491
37.1091;12;3.61386;2.48491
37.1559;12;3.61512;2.48491
37.2028;12;3.61638;2.48491
37.2497;12;3.61764;2.48491
37.2966;12;3.6189;2.48491
37.3434;12;3.62016;2.48491
37.3903;12;3.62141;2.48491
37.4372;12;3.62266;2.48491
37.4841;12;3.62392;2.48491
37.5309;12;3.62517;2.48491
37.5778;12;3.62641;2.48491
37.6247;12;3.62766;2.48491
37.6716;12;3.62891;2.48491
37.7184;12;3.63015;2.48491
37.7653;12;3.63139;2.48491
37.8122;12;3.63263;2.48491
37.8591;12;3.63387;2.48491
37.9059;12;3.63511;2.48491
37.9528;12;3.63634;2.48491
37.9997;12;3.63758;2.48491
38.0466;12;3.63881;2.48491
38.0934;12;3.64004;2.48491
38.1403;12;3.64127;2.48491
38.1872;12;3.6425;2.48491
38.2341;12;3.64373;2.48491
38.2809;11;3.64495;2.3979
38.3278;10;3.64618;2.30259
38.3747;10;3.6474;2.30259
38.4216;10;3.64862;2.30259
38.4684;10;3.64984;2.30259
38.5153;10;3.65106;2.30259
38.5622;10;3.65227;2.30259
38.6091;10;3.65349;2.30259
38.6559;10;3.6547;2.30259
38.7028;10;3.65591;2.30259
38.7497;10;3.65712;2.30259
38.7966;10;3.65833;2.30259
38.8434;10;3.65954;2.30259
38.8903;10;3.66074;2.30259
38.9372;10;3.66195;2.30259
38.9841;10;3.66315;2.30259
39.0309;10;3.66435;2.30259
39.0778;10;3.66555;2.30259
39.1247;10;3.66675;2.30259
39.1716;10;3.66795;2.30259
39.2184;10;3.66915;2.30259
39.2653;10;3.67034;2.30259
39.3122;10;3.67153;2.30259
39.3591;10;3.67273;2.30259
39.4059;10;3.67392;2.30259
39.4528;10;3.67511;2.30259
39.4997;10;3.67629;2.30259
39.5466;10;3.67748;2.30259
39.5934;10;3.67866;2.30259
39.6403;10;3.67985;2.30259
39.6872;10;3.68103;2.30259
39.7341;10;3.68221;2.30259
39.7809;10;3.68339;2.30259
39.8278;10;3.68457;2.30259
39.8747;10;3.68574;2.30259
39.9216;10;3.68692;2.30259
39.9684;10;3.68809;2.30259
40.0153;10;3.68926;2.30259
40.0622;10;3.69043;2.30259
40.1091;10;3.6916;2.30259
40.1559;10;3.69277;2.30259
40.2028;10;3.69394;2.30259
40.2497;10;3.6951;2.30259
40.2966;10;3.69627;2.30259
40.3434;10;3.69743;2.30259
40.3903;10;3.69859;2.30259
40.4372;10;3.69975;2.30259
40.4841;10;3.70091;2.30259
40.5309;10;3.70207;2.30259
40.5778;10;3.70322;2.30259
40.6247;10;3.70438;2.30259
40.6716;11;3.70553;2.3979
40.7184;11;3.70668;2.3979
40.7653;11;3.70783;2.3979
40.8122;11;3.70898;2.3979
40.8591;9;3.71013;2.19722
40.9059;9;3.71128;2.19722
40.9528;9;3.71242;2.19722
40.9997;9;3.71356;2.19722
41.0466;9;3.71471;2.19722
41.0934;9;3.71585;2.19722
41.1403;9;3.71699;2.19722
41.1872;9;3.71813;2.19722
41.2341;9;3.71926;2.19722
41.2809;9;3.7204;2.19722
41.3278;9;3.72154;2.19722
41.3747;9;3.72267;2.19722
41.4216;9;3.7238;2.19722
41.4684;9;3.72493;2.19722
41.5153;9;3.72606;2.19722
41.5622;9;3.72719;2.19722
41.6091;9;3.72832;2.19722
41.6559;9;3.72944;2.19722
41.7028;9;3.73057;2.19722
41.7497;9;3.73169;2.19722
41.7966;9;3.73281;2.19722
41.8434;9;3.73393;2.19722
41.8903;9;3.73505;2.19722
41.9372;9;3.73617;2.19722
41.9841;9;3.73729;2.19722
42.0309;9;3.73841;2.19722
42.0778;9;3.73952;2.19722
42.1247;9;3.74063;2.19722
42.1716;9;3.74175;2.19722
42.2184;10;3.74286;2.30259
42.2653;10;3.74397;2.30259
42.3122;10;3.74507;2.30259
42.3591;10;3.74618;2.30259
42.4059;9;3.74729;2.19722
42.4528;9;3.74839;2.19722
42.4997;9;3.7495;2.19722
42.5466;9;3.7506;2.19722
42.5934;9;3.7517;2.19722
42.6403;9;3.7528;2.19722
42.6872;9;3.7539;2.19722
42.7341;9;3.755;2.19722
42.7809;9;3.75609;2.19722
42.8278;9;3.75719;2.19722
42.8747;9;3.75828;2.19722
42.9216;9;3.75937;2.19722
42.9684;9;3.76047;2.19722
43.0153;9;3.76156;2.19722
43.0622;9;3.76265;2.19722
43.1091;9;3.76373;2.19722
43.1559;9;3.76482;2.19722
43.2028;9;3.76591;2.19722
43.2497;9;3.76699;2.19722
43.2966;9;3.76807;2.19722
43.3434;8;3.76916;2.07944
43.3903;8;3.77024;2.07944
43.4372;8;3.77132;2.07944
43.4841;8;3.77239;2.07944
43.5309;8;3.77347;2.07944
43.5778;8;3.77455;2.07944
43.6247;8;3.77562;2.07944
43.6716;8;3.7767;2.07944
43.7184;8;3.77777;2.07944
43.7653;8;3.77884;2.07944
43.8122;8;3.77991;2.07944
43.8591;8;3.78098;2.07944
43.9059;8;3.78205;2.07944
43.9528;8;3.78312;2.07944
43.9997;8;3.78418;2.07944
44.0466;8;3.78525;2.07944
44.0934;8;3.78631;2.07944
44.1403;8;3.78737;2.07944
44.1872;8;3.78843;2.07944
44.2341;8;3.78949;2.07944
44.2809;8;3.79055;2.07944
44.3278;8;3.79161;2.07944
44.3747;8;3.79267;2.07944
44.4216;8;3.79372;2.07944
44.4684;8;3.79478;2.07944
44.5153;8;3.79583;2.07944
44.5622;8;3.79689;2.07944
44.6091;8;3.79794;2.07944
44.6559;8;3.79899;2.07944
44.7028;8;3.80004;2.07944
44.7497;8;3.80108;2.07944
44.7966;8;3.80213;2.07944
44.8434;8;3.80318;2.07944
44.8903;8;3.80422;2.07944
44.9372;8;3.80527;2.07944
44.9841;8;3.80631;2.07944
45.0309;8;3.80735;2.07944
45.0778;8;3.80839;2.07944
45.1247;8;3.80943;2.07944
45.1716;8;3.81047;2.07944
45.2184;8;3.8115;2.07944
45.2653;8;3.81254;2.07944
45.3122;8;3.81358;2.07944
45.3591;8;3.81461;2.07944
45.4059;8;3.81564;2.07944
45.4528;8;3.81667;2.07944
45.4997;8;3.81771;2.07944
45.5466;8;3.81873;2.07944
45.5934;8;3.81976;2.07944
45.6403;8;3.82079;2.07944
45.6872;8;3.82182;2.07944
45.7341;8;3.82284;2.07944
45.7809;8;3.82387;2.07944
45.8278;8;3.82489;2.07944
45.8747;8;3.82591;2.07944
45.9216;8;3.82693;2.07944
45.9684;8;3.82795;2.07944
46.0153;8;3.82897;2.07944
46.0622;8;3.82999;2.07944
46.1091;8;3.83101;2.07944
46.1559;8;3.83203;2.07944
46.2028;8;3.83304;2.07944
46.2497;8;3.83405;2.07944
46.2966;8;3.83507;2.07944
46.3434;8;3.83608;2.07944
46.3903;8;3.83709;2.07944
46.4372;8;3.8381;2.07944
46.4841;8;3.83911;2.07944
46.5309;8;3.84012;2.07944
46.5778;8;3.84112;2.07944
46.6247;8;3.84213;2.07944
46.6716;8;3.84313;2.07944
46.7184;8;3.84414;2.07944
46.7653;8;3.84514;2.07944
46.8122;8;3.84614;2.07944
46.8591;8;3.84714;2.07944
46.9059;8;3.84814;2.07944
46.9528;8;3.84914;2.07944
46.9997;8;3.85014;2.07944
47.0466;8;3.85114;2.07944
47.0934;8;3.85213;2.07944
47.1403;8;3.85313;2.07944
47.1872;8;3.85412;2.07944
47.2341;8;3.85512;2.07944
47.2809;8;3.85611;2.07944
47.3278;8;3.8571;2.07944
47.3747;8;3.85809;2.07944
47.4216;8;3.85908;2.07944
47.4684;8;3.86006;2.07944
47.5153;8;3.86105;2.07944
47.5622;8;3.86204;2.07944
47.6091;8;3.86302;2.07944
47.6559;8;3.86401;2.07944
47.7028;8;3.86499;2.07944
47.7497;8;3.86597;2.07944
47.7966;8;3.86695;2.07944
47.8434;8;3.86793;2.07944
47.8903;8;3.86891;2.07944
47.9372;8;3.86989;2.07944
47.9841;8;3.87087;2.07944
48.0309;8;3.87185;2.07944
48.0778;8;3.87282;2.07944
48.1247;8;3.8738;2.07944
48.1716;8;3.87477;2.07944
48.2184;8;3.87574;2.07944
48.2653;8;3.87671;2.07944
48.3122;8;3.87768;2.07944
48.3591;8;3.87865;2.07944
48.4059;8;3.87962;2.07944
48.4528;9;3.88059;2.19722
48.4997;8;3.88156;2.07944
48.5466;8;3.88252;2.07944
48.5934;8;3.88349;2.07944
48.6403;8;3.88445;2.07944
48.6872;8;3.88542;2.07944
48.7341;8;3.88638;2.07944
48.7809;8;3.88734;2.07944
48.8278;8;3.8883;2.07944
48.8747;8;3.88926;2.07944
48.9216;8;3.89022;2.07944
48.9684;8;3.89118;2.07944
49.0153;8;3.89213;2.07944
49.0622;8;3.89309;2.07944
49.1091;8;3.89404;2.07944
49.1559;8;3.895;2.07944
49.2028;8;3.89595;2.07944
49.2497;8;3.8969;2.07944
49.2966;8;3.89785;2.07944
49.3434;8;3.8988;2.07944
49.3903;8;3.89975;2.07944
49.4372;8;3.9007;2.07944
49.4841;8;3.90165;2.07944
49.5309;8;3.9026;2.07944
49.5778;8;3.90354;2.07944
49.6247;8;3.90449;2.07944
49.6716;8;3.90543;2.07944
49.7184;8;3.90638;2.07944
49.7653;8;3.90732;2.07944
49.8122;8;3.90826;2.07944
49.8591;8;3.9092;2.07944
49.9059;8;3.91014;2.07944
49.9528;8;3.91108;2.07944
